-------------------------------------------------------------------------------
>Log Session: Sunday, April 10, 2022 at 1:46:51 PM Central European Summer Time
>System Info: 
  Product Version         = Apache NetBeans Platform Dev (Build 11.2-d04fb24027334c4b6fd8397b5d0cdd33187a8f54)
  Operating System        = Windows 10 version 10.0 running on amd64
  Java; VM; Vendor        = 17.0.2; Java HotSpot(TM) 64-Bit Server VM 17.0.2+8-LTS-86; Oracle Corporation
  Runtime                 = Java(TM) SE Runtime Environment 17.0.2+8-LTS-86
  Java Home               = C:\Program Files\Java\jdk-17.0.2
  System Locale; Encoding = en_US (asteroidsnetbeansmodules); Cp1252
  Home Directory          = C:\Users\CStil
  Current Directory       = C:\Users\CStil\Desktop\marcus stuff\handin\Labs\NetbeansLab1\AsteroidsNetbeansModules\application\target\asteroidsnetbeansmodules
  User Directory          = C:\Users\CStil\Desktop\marcus stuff\handin\Labs\NetbeansLab1\AsteroidsNetbeansModules\application\target\userdir
  Cache Directory         = C:\Users\CStil\Desktop\marcus stuff\handin\Labs\NetbeansLab1\AsteroidsNetbeansModules\application\target\userdir\var\cache
  Installation            = C:\Users\CStil\Desktop\marcus stuff\handin\Labs\NetbeansLab1\AsteroidsNetbeansModules\application\target\asteroidsnetbeansmodules\asteroidsnetbeansmodules
                            C:\Users\CStil\Desktop\marcus stuff\handin\Labs\NetbeansLab1\AsteroidsNetbeansModules\application\target\asteroidsnetbeansmodules\bin
                            C:\Users\CStil\Desktop\marcus stuff\handin\Labs\NetbeansLab1\AsteroidsNetbeansModules\application\target\asteroidsnetbeansmodules\etc
                            C:\Users\CStil\Desktop\marcus stuff\handin\Labs\NetbeansLab1\AsteroidsNetbeansModules\application\target\asteroidsnetbeansmodules\platform
                            C:\Users\CStil\Desktop\marcus stuff\handin\Labs\NetbeansLab1\AsteroidsNetbeansModules\application\target\asteroidsnetbeansmodules\platform
  Boot & Ext. Classpath   = 
  Application Classpath   = C:\Users\CStil\Desktop\marcus stuff\handin\Labs\NetbeansLab1\AsteroidsNetbeansModules\application\target\asteroidsnetbeansmodules\platform\lib\boot.jar;C:\Users\CStil\Desktop\marcus stuff\handin\Labs\NetbeansLab1\AsteroidsNetbeansModules\application\target\asteroidsnetbeansmodules\platform\lib\org-openide-modules.jar;C:\Users\CStil\Desktop\marcus stuff\handin\Labs\NetbeansLab1\AsteroidsNetbeansModules\application\target\asteroidsnetbeansmodules\platform\lib\org-openide-util-lookup.jar;C:\Users\CStil\Desktop\marcus stuff\handin\Labs\NetbeansLab1\AsteroidsNetbeansModules\application\target\asteroidsnetbeansmodules\platform\lib\org-openide-util-ui.jar;C:\Users\CStil\Desktop\marcus stuff\handin\Labs\NetbeansLab1\AsteroidsNetbeansModules\application\target\asteroidsnetbeansmodules\platform\lib\org-openide-util.jar
  Startup Classpath       = C:\Users\CStil\Desktop\marcus stuff\handin\Labs\NetbeansLab1\AsteroidsNetbeansModules\application\target\asteroidsnetbeansmodules\platform\core\asm-all-5.0.1.jar;C:\Users\CStil\Desktop\marcus stuff\handin\Labs\NetbeansLab1\AsteroidsNetbeansModules\application\target\asteroidsnetbeansmodules\platform\core\core-base.jar;C:\Users\CStil\Desktop\marcus stuff\handin\Labs\NetbeansLab1\AsteroidsNetbeansModules\application\target\asteroidsnetbeansmodules\platform\core\core.jar;C:\Users\CStil\Desktop\marcus stuff\handin\Labs\NetbeansLab1\AsteroidsNetbeansModules\application\target\asteroidsnetbeansmodules\platform\core\org-netbeans-libs-asm.jar;C:\Users\CStil\Desktop\marcus stuff\handin\Labs\NetbeansLab1\AsteroidsNetbeansModules\application\target\asteroidsnetbeansmodules\platform\core\org-openide-filesystems.jar
-------------------------------------------------------------------------------
SEVERE [org.openide.util.Exceptions]
java.lang.reflect.InaccessibleObjectException: Unable to make protected java.util.Enumeration java.lang.ClassLoader.findResources(java.lang.String) throws java.io.IOException accessible: module java.base does not "opens java.lang" to unnamed module @448139f0
	at java.base/java.lang.reflect.AccessibleObject.checkCanSetAccessible(AccessibleObject.java:354)
	at java.base/java.lang.reflect.AccessibleObject.checkCanSetAccessible(AccessibleObject.java:297)
	at java.base/java.lang.reflect.Method.checkCanSetAccessible(Method.java:199)
	at java.base/java.lang.reflect.Method.setAccessible(Method.java:193)
[catch] at org.netbeans.Module.findResources(Module.java:567)
	at org.netbeans.core.startup.NbInstaller.loadLayers(NbInstaller.java:605)
	at org.netbeans.core.startup.NbInstaller.loadImpl(NbInstaller.java:332)
	at org.netbeans.core.startup.NbInstaller.access$000(NbInstaller.java:77)
	at org.netbeans.core.startup.NbInstaller$1.run(NbInstaller.java:322)
	at org.openide.filesystems.FileUtil$2.run(FileUtil.java:413)
	at org.openide.filesystems.EventControl.runAtomicAction(EventControl.java:102)
	at org.openide.filesystems.FileSystem.runAtomicAction(FileSystem.java:494)
	at org.openide.filesystems.FileUtil.runAtomicAction(FileUtil.java:397)
	at org.openide.filesystems.FileUtil.runAtomicAction(FileUtil.java:417)
	at org.netbeans.core.startup.NbInstaller.load(NbInstaller.java:319)
	at org.netbeans.ModuleManager.enable(ModuleManager.java:1449)
	at org.netbeans.ModuleManager.enable(ModuleManager.java:1254)
	at org.netbeans.core.startup.ModuleList.installNew(ModuleList.java:315)
	at org.netbeans.core.startup.ModuleList.trigger(ModuleList.java:251)
	at org.netbeans.core.startup.ModuleSystem.restore(ModuleSystem.java:298)
	at org.netbeans.core.startup.Main.getModuleSystem(Main.java:156)
	at org.netbeans.core.startup.Main.getModuleSystem(Main.java:125)
	at org.netbeans.core.startup.Main.start(Main.java:282)
	at org.netbeans.core.startup.TopThreadGroup.run(TopThreadGroup.java:98)
	at java.base/java.lang.Thread.run(Thread.java:833)
SEVERE [org.openide.util.Exceptions]
java.lang.IllegalAccessException: class org.netbeans.Module cannot access a member of class java.lang.ClassLoader (in module java.base) with modifiers "protected"
	at java.base/jdk.internal.reflect.Reflection.newIllegalAccessException(Reflection.java:392)
	at java.base/java.lang.reflect.AccessibleObject.checkAccess(AccessibleObject.java:674)
	at java.base/java.lang.reflect.Method.invoke(Method.java:560)
[catch] at org.netbeans.Module.findResources(Module.java:570)
	at org.netbeans.core.startup.NbInstaller.loadLayers(NbInstaller.java:605)
	at org.netbeans.core.startup.NbInstaller.loadImpl(NbInstaller.java:332)
	at org.netbeans.core.startup.NbInstaller.access$000(NbInstaller.java:77)
	at org.netbeans.core.startup.NbInstaller$1.run(NbInstaller.java:322)
	at org.openide.filesystems.FileUtil$2.run(FileUtil.java:413)
	at org.openide.filesystems.EventControl.runAtomicAction(EventControl.java:102)
	at org.openide.filesystems.FileSystem.runAtomicAction(FileSystem.java:494)
	at org.openide.filesystems.FileUtil.runAtomicAction(FileUtil.java:397)
	at org.openide.filesystems.FileUtil.runAtomicAction(FileUtil.java:417)
	at org.netbeans.core.startup.NbInstaller.load(NbInstaller.java:319)
	at org.netbeans.ModuleManager.enable(ModuleManager.java:1449)
	at org.netbeans.ModuleManager.enable(ModuleManager.java:1254)
	at org.netbeans.core.startup.ModuleList.installNew(ModuleList.java:315)
	at org.netbeans.core.startup.ModuleList.trigger(ModuleList.java:251)
	at org.netbeans.core.startup.ModuleSystem.restore(ModuleSystem.java:298)
	at org.netbeans.core.startup.Main.getModuleSystem(Main.java:156)
	at org.netbeans.core.startup.Main.getModuleSystem(Main.java:125)
	at org.netbeans.core.startup.Main.start(Main.java:282)
	at org.netbeans.core.startup.TopThreadGroup.run(TopThreadGroup.java:98)
	at java.base/java.lang.Thread.run(Thread.java:833)
SEVERE [null]: Last record repeated 14 times in total.
SEVERE [org.openide.util.Exceptions]
java.lang.IllegalAccessException: class org.netbeans.Module cannot access a member of class java.lang.ClassLoader (in module java.base) with modifiers "protected"
	at java.base/jdk.internal.reflect.Reflection.newIllegalAccessException(Reflection.java:392)
	at java.base/java.lang.reflect.AccessibleObject.checkAccess(AccessibleObject.java:674)
	at java.base/java.lang.reflect.Method.invoke(Method.java:560)
[catch] at org.netbeans.Module.findResources(Module.java:570)
	at org.netbeans.core.startup.NbInstaller.loadLayers(NbInstaller.java:587)
	at org.netbeans.core.startup.NbInstaller.loadImpl(NbInstaller.java:332)
	at org.netbeans.core.startup.NbInstaller.access$000(NbInstaller.java:77)
	at org.netbeans.core.startup.NbInstaller$1.run(NbInstaller.java:322)
	at org.openide.filesystems.FileUtil$2.run(FileUtil.java:413)
	at org.openide.filesystems.EventControl.runAtomicAction(EventControl.java:102)
	at org.openide.filesystems.FileSystem.runAtomicAction(FileSystem.java:494)
	at org.openide.filesystems.FileUtil.runAtomicAction(FileUtil.java:397)
	at org.openide.filesystems.FileUtil.runAtomicAction(FileUtil.java:417)
	at org.netbeans.core.startup.NbInstaller.load(NbInstaller.java:319)
	at org.netbeans.ModuleManager.enable(ModuleManager.java:1449)
	at org.netbeans.ModuleManager.enable(ModuleManager.java:1254)
	at org.netbeans.core.startup.ModuleList.installNew(ModuleList.java:315)
	at org.netbeans.core.startup.ModuleList.trigger(ModuleList.java:251)
	at org.netbeans.core.startup.ModuleSystem.restore(ModuleSystem.java:298)
	at org.netbeans.core.startup.Main.getModuleSystem(Main.java:156)
	at org.netbeans.core.startup.Main.getModuleSystem(Main.java:125)
	at org.netbeans.core.startup.Main.start(Main.java:282)
	at org.netbeans.core.startup.TopThreadGroup.run(TopThreadGroup.java:98)
	at java.base/java.lang.Thread.run(Thread.java:833)
SEVERE [null]: Last record repeated 5 more times.
SEVERE [org.openide.util.Exceptions]
java.lang.IllegalAccessException: class org.netbeans.Module cannot access a member of class java.lang.ClassLoader (in module java.base) with modifiers "protected"
	at java.base/jdk.internal.reflect.Reflection.newIllegalAccessException(Reflection.java:392)
	at java.base/java.lang.reflect.AccessibleObject.checkAccess(AccessibleObject.java:674)
	at java.base/java.lang.reflect.Method.invoke(Method.java:560)
[catch] at org.netbeans.Module.findResources(Module.java:570)
	at org.netbeans.core.startup.NbInstaller.loadLayers(NbInstaller.java:605)
	at org.netbeans.core.startup.NbInstaller.loadImpl(NbInstaller.java:332)
	at org.netbeans.core.startup.NbInstaller.access$000(NbInstaller.java:77)
	at org.netbeans.core.startup.NbInstaller$1.run(NbInstaller.java:322)
	at org.openide.filesystems.FileUtil$2.run(FileUtil.java:413)
	at org.openide.filesystems.EventControl.runAtomicAction(EventControl.java:102)
	at org.openide.filesystems.FileSystem.runAtomicAction(FileSystem.java:494)
	at org.openide.filesystems.FileUtil.runAtomicAction(FileUtil.java:397)
	at org.openide.filesystems.FileUtil.runAtomicAction(FileUtil.java:417)
	at org.netbeans.core.startup.NbInstaller.load(NbInstaller.java:319)
	at org.netbeans.ModuleManager.enable(ModuleManager.java:1449)
	at org.netbeans.ModuleManager.enable(ModuleManager.java:1254)
	at org.netbeans.core.startup.ModuleList.installNew(ModuleList.java:315)
	at org.netbeans.core.startup.ModuleList.trigger(ModuleList.java:251)
	at org.netbeans.core.startup.ModuleSystem.restore(ModuleSystem.java:298)
	at org.netbeans.core.startup.Main.getModuleSystem(Main.java:156)
	at org.netbeans.core.startup.Main.getModuleSystem(Main.java:125)
	at org.netbeans.core.startup.Main.start(Main.java:282)
	at org.netbeans.core.startup.TopThreadGroup.run(TopThreadGroup.java:98)
	at java.base/java.lang.Thread.run(Thread.java:833)
SEVERE [null]: Last record repeated 2 more times.
SEVERE [org.openide.util.Exceptions]
java.lang.IllegalAccessException: class org.netbeans.Module cannot access a member of class java.lang.ClassLoader (in module java.base) with modifiers "protected"
	at java.base/jdk.internal.reflect.Reflection.newIllegalAccessException(Reflection.java:392)
	at java.base/java.lang.reflect.AccessibleObject.checkAccess(AccessibleObject.java:674)
	at java.base/java.lang.reflect.Method.invoke(Method.java:560)
[catch] at org.netbeans.Module.findResources(Module.java:570)
	at org.netbeans.core.startup.NbInstaller.loadLayers(NbInstaller.java:587)
	at org.netbeans.core.startup.NbInstaller.loadImpl(NbInstaller.java:332)
	at org.netbeans.core.startup.NbInstaller.access$000(NbInstaller.java:77)
	at org.netbeans.core.startup.NbInstaller$1.run(NbInstaller.java:322)
	at org.openide.filesystems.FileUtil$2.run(FileUtil.java:413)
	at org.openide.filesystems.EventControl.runAtomicAction(EventControl.java:102)
	at org.openide.filesystems.FileSystem.runAtomicAction(FileSystem.java:494)
	at org.openide.filesystems.FileUtil.runAtomicAction(FileUtil.java:397)
	at org.openide.filesystems.FileUtil.runAtomicAction(FileUtil.java:417)
	at org.netbeans.core.startup.NbInstaller.load(NbInstaller.java:319)
	at org.netbeans.ModuleManager.enable(ModuleManager.java:1449)
	at org.netbeans.ModuleManager.enable(ModuleManager.java:1254)
	at org.netbeans.core.startup.ModuleList.installNew(ModuleList.java:315)
	at org.netbeans.core.startup.ModuleList.trigger(ModuleList.java:251)
	at org.netbeans.core.startup.ModuleSystem.restore(ModuleSystem.java:298)
	at org.netbeans.core.startup.Main.getModuleSystem(Main.java:156)
	at org.netbeans.core.startup.Main.getModuleSystem(Main.java:125)
	at org.netbeans.core.startup.Main.start(Main.java:282)
	at org.netbeans.core.startup.TopThreadGroup.run(TopThreadGroup.java:98)
	at java.base/java.lang.Thread.run(Thread.java:833)
SEVERE [null]: Last record repeated 5 more times.
SEVERE [org.openide.util.Exceptions]
java.lang.IllegalAccessException: class org.netbeans.Module cannot access a member of class java.lang.ClassLoader (in module java.base) with modifiers "protected"
	at java.base/jdk.internal.reflect.Reflection.newIllegalAccessException(Reflection.java:392)
	at java.base/java.lang.reflect.AccessibleObject.checkAccess(AccessibleObject.java:674)
	at java.base/java.lang.reflect.Method.invoke(Method.java:560)
[catch] at org.netbeans.Module.findResources(Module.java:570)
	at org.netbeans.core.startup.NbInstaller.loadLayers(NbInstaller.java:605)
	at org.netbeans.core.startup.NbInstaller.loadImpl(NbInstaller.java:332)
	at org.netbeans.core.startup.NbInstaller.access$000(NbInstaller.java:77)
	at org.netbeans.core.startup.NbInstaller$1.run(NbInstaller.java:322)
	at org.openide.filesystems.FileUtil$2.run(FileUtil.java:413)
	at org.openide.filesystems.EventControl.runAtomicAction(EventControl.java:102)
	at org.openide.filesystems.FileSystem.runAtomicAction(FileSystem.java:494)
	at org.openide.filesystems.FileUtil.runAtomicAction(FileUtil.java:397)
	at org.openide.filesystems.FileUtil.runAtomicAction(FileUtil.java:417)
	at org.netbeans.core.startup.NbInstaller.load(NbInstaller.java:319)
	at org.netbeans.ModuleManager.enable(ModuleManager.java:1449)
	at org.netbeans.ModuleManager.enable(ModuleManager.java:1254)
	at org.netbeans.core.startup.ModuleList.installNew(ModuleList.java:315)
	at org.netbeans.core.startup.ModuleList.trigger(ModuleList.java:251)
	at org.netbeans.core.startup.ModuleSystem.restore(ModuleSystem.java:298)
	at org.netbeans.core.startup.Main.getModuleSystem(Main.java:156)
	at org.netbeans.core.startup.Main.getModuleSystem(Main.java:125)
	at org.netbeans.core.startup.Main.start(Main.java:282)
	at org.netbeans.core.startup.TopThreadGroup.run(TopThreadGroup.java:98)
	at java.base/java.lang.Thread.run(Thread.java:833)
SEVERE [null]: Last record repeated 3 more times.
INFO [org.netbeans.core.startup.NbEvents]: Turning on modules:
	org.openide.util.lookup [8.39 11.2-d04fb24027334c4b6fd8397b5d0cdd33187a8f54]
	org.openide.util [9.13 11.2-d04fb24027334c4b6fd8397b5d0cdd33187a8f54]
	org.openide.util.ui [9.14 11.2-d04fb24027334c4b6fd8397b5d0cdd33187a8f54]
	org.openide.modules [7.54 11.2-d04fb24027334c4b6fd8397b5d0cdd33187a8f54]
	org.openide.filesystems [9.16 11.2-d04fb24027334c4b6fd8397b5d0cdd33187a8f54]
	org.netbeans.libs.asm [5.9 11.2-d04fb24027334c4b6fd8397b5d0cdd33187a8f54]
	org.netbeans.bootstrap/1 [2.84 11.2-d04fb24027334c4b6fd8397b5d0cdd33187a8f54]
	org.netbeans.core.startup.base [1.68.0.1 1 11.2-d04fb24027334c4b6fd8397b5d0cdd33187a8f54]
	org.netbeans.core.startup/1 [1.68.0.1 11.2-d04fb24027334c4b6fd8397b5d0cdd33187a8f54]
	org.netbeans.libs.osgi [1.28 11.2-d04fb24027334c4b6fd8397b5d0cdd33187a8f54]
	org.netbeans.core.netigso [1.37 11.2-d04fb24027334c4b6fd8397b5d0cdd33187a8f54]
	org.netbeans.modules.netbinox [1.47 11.2-d04fb24027334c4b6fd8397b5d0cdd33187a8f54]
	org.netbeans.api.annotations.common/1 [1.33 11.2-d04fb24027334c4b6fd8397b5d0cdd33187a8f54]
	dk.sdu.mmmi.cbse.Common [1.0 1.0-20220410 202204101145]
	dk.sdu.mmmi.cbse.CommonBullet [1.0 1.0-20220410 202204101145]
	dk.sdu.mmmi.cbse.CommonPlayer [1.0 1.0-20220410 202204101145]
	dk.sdu.mmmi.cbse.Player [1.0 1.0-20220410 202204101145]
	dk.sdu.mmmi.cbse.CommonEnemy [1.0 1.0-20220410 202204101145]
	dk.sdu.mmmi.cbse.Enemy [1.0 1.0-20220410 202204101145]
	dk.sdu.mmmi.cbse.Core [1.0 1.0-20220410 202204101145]
	dk.sdu.mmmi.cbse.CommonAsteroids [1.0 1.0-20220410 202204101145]
	dk.sdu.mmmi.cbse.Collision [1.0 1.0-20220410 202204101145]
	dk.sdu.mmmi.cbse.Bullet [1.0 1.0-20220410 202204101145]
	dk.sdu.mmmi.cbse.Asteroid [1.0 1.0-20220410 202204101145]
